<?xml version="1.0" encoding="UTF-8"?>
<!-- Generated by org.testng.reporters.JUnitReportReporter -->
<testsuite hostname="LAPTOP-3QOIBBMN" failures="0" tests="1" name="test.demo1" time="0.015" errors="0" timestamp="2024-06-27T11:18:42 BOT" skipped="0">
  <testcase classname="test.demo1" name="T_01" time="0.015"/>
  <system-out/>
</testsuite> <!-- test.demo1 -->
